make.exe all PROJ_NAME=${fileDirname} -f D:\ITI_Tasks\C++\Makefile --print-data-base --no-builtin-variables --no-builtin-rules --question
make: *** No rule to make target 'all'.  Stop.
 
# GNU Make 4.3
# Built for x86_64-pc-msys
# Copyright (C) 1988-2020 Free Software Foundation, Inc.
# License GPLv3+: GNU GPL version 3 or later <http://gnu.org/licenses/gpl.html>
# This is free software: you are free to change and redistribute it.
# There is NO WARRANTY, to the extent permitted by law.
 

# Make data base, printed on Sun Dec 26 09:11:51 2021

# Variables

# command line
PROJ_NAME = $fileDirname
# environment
SYSTEMDRIVE = C:
# environment
 
LC_ALL = C
# environment
USERPROFILE = C:\Users\sara
# environment
LOCALAPPDATA = C:\Users\sara\AppData\Local
# environment
VSCODE_IPC_HOOK_EXTHOST = \\.\pipe\vscode-ipc-434d5cd6-2a9e-4819-bf6a-a754921bd136-sock
# environment
VSCODE_CWD = C:\Users\sara\AppData\Local\Programs\Microsoft VS Code
# environment
SYSTEMROOT = C:\Windows
# environment
PROCESSOR_LEVEL = 6
# environment
PSMODULEPATH = C:\Program Files\WindowsPowerShell\Modules;C:\Windows\system32\WindowsPowerShell\v1.0\Modules;C:\Program Files (x86)\Microsoft SQL Server\120\Tools\PowerShell\Modules\
# default
MAKE_COMMAND := make
# automatic
@D = $(patsubst %/,%,$(dir $@))
# environment
CHROME_CRASHPAD_PIPE_NAME = \\.\pipe\crashpad_15032_QORHFEDXWDZQKULU
# environment
VSCODE_HANDLES_UNCAUGHT_ERRORS = true
# default
.VARIABLES := 
# automatic
%D = $(patsubst %/,%,$(dir $%))
# environment
SW_SIM_HYDRA = C:\Program Files\Common Files\SolidWorks Shared\Simulation Worker Agent\
# automatic
^D = $(patsubst %/,%,$(dir $^))
# environment
VSCODE_LOG_STACK = false
# automatic
%F = $(notdir $%)
# environment
VSCODE_CODE_CACHE_PATH = C:\Users\sara\AppData\Roaming\Code\CachedData\899d46d82c4c95423fb7e10e68eba52050e30ba3
# environment
LANG = C
# default
.LOADED := 
# environment
TMP = /c/Users/sara/AppData/Local/Temp
# default
.INCLUDE_DIRS = /usr/include /usr/include
# makefile
MAKEFLAGS = pqrR -- $(MAKEOVERRIDES)
# environment
ONEDRIVE = C:\Users\sara\OneDrive
# makefile
CURDIR := /d/ITI_Tasks/C++
# environment
VSCODE_PIPE_LOGGING = true
# environment
APPLICATION_INSIGHTS_NO_DIAGNOSTIC_CHANNEL = true
# automatic
*D = $(patsubst %/,%,$(dir $*))
# environment
PROGRAMFILES = C:\Program Files
# environment
MFLAGS = -pqrR
# default
.SHELLFLAGS := -c
# environment
COMMONPROGRAMW6432 = C:\Program Files\Common Files
# automatic
+D = $(patsubst %/,%,$(dir $+))
# makefile (from 'D:\ITI_Tasks\C++\Makefile', line 1)
MAKEFILE_LIST := D:\ITI_Tasks\C++\Makefile
# automatic
@F = $(notdir $@)
# environment
VSCODE_VERBOSE_LOGGING = true
# environment
VSCODE_PID = 15032
# automatic
?D = $(patsubst %/,%,$(dir $?))
# automatic
*F = $(notdir $*)
# environment
SW_SIM_TEMP = C:\ProgramData\SOLIDWORKS\SW_net_sim_temp\
# automatic
<D = $(patsubst %/,%,$(dir $<))
# makefile (from 'D:\ITI_Tasks\C++\Makefile', line 5)
PROJ_DIR = $(unixpath)
# environment
VSCODE_NLS_CONFIG = {"locale":"en-us","availableLanguages":{},"_languagePackSupport":true}
# default
MAKE_HOST := x86_64-pc-msys
# environment
PROGRAMDATA = C:\ProgramData
# default
SHELL := /bin/sh
# environment
HOMEPATH = \Users\sara
# default
MAKECMDGOALS := all
# environment
DRIVERDATA = C:\Windows\System32\Drivers\DriverData
# environment
COMSPEC = C:\Windows\system32\cmd.exe
# environment
WINDIR = C:\Windows
# environment
MAKELEVEL := 0
# default
MAKE = $(MAKE_COMMAND)
# environment
PATH = /c/Program Files (x86)/Common Files/Oracle/Java/javapath:/c/Windows/system32:/c/Windows:/c/Windows/System32/Wbem:/c/Windows/System32/WindowsPowerShell/v1.0:/c/Windows/System32/OpenSSH:/c/Program Files (x86)/NVIDIA Corporation/PhysX/Common:/c/Program Files/NVIDIA Corporation/NVIDIA NvDLISR:/c/Program Files/Microsoft SQL Server/Client SDK/ODBC/110/Tools/Binn:/c/Program Files (x86)/Microsoft SQL Server/120/Tools/Binn:/c/Program Files/Microsoft SQL Server/120/Tools/Binn:/c/Program Files/Microsoft SQL Server/120/DTS/Binn:/c/Program Files (x86)/Windows Kits/8.1/Windows Performance Toolkit:/c/Program Files/Git/cmd:/c/Program Files/Polyspace/R2021a/runtime/win64:/c/Program Files/Polyspace/R2021a/bin:/c/Program Files/Polyspace/R2021a/polyspace/bin:/c/Users/sara/AppData/Local/Microsoft/WindowsApps:/c/Users/sara/AppData/Local/Programs/Microsoft VS Code/bin:/mingw64/bin:/usr/bin
# environment
COMPUTERNAME = LAPTOP-8LUL3EEN
# default
MAKEFILES := 
# automatic
^F = $(notdir $^)
# environment
SW_SIM_MPIT = INTELMPI
# makefile (from 'D:\ITI_Tasks\C++\Makefile', line 3)
unixpath = $(subst \,/,$(PROJ_NAME))
# environment
PROMPT = $P$G
# environment
LOGONSERVER = \\LAPTOP-8LUL3EEN
# environment
VSCODE_LOG_NATIVE = false
# environment
USERNAME = sara
# environment
COMMONPROGRAMFILES = C:\Program Files\Common Files
# automatic
?F = $(notdir $?)
# environment
PROGRAMW6432 = C:\Program Files
# environment
PATHEXT = .COM;.EXE;.BAT;.CMD;.VBS;.VBE;.JS;.JSE;.WSF;.WSH;.MSC
# automatic
+F = $(notdir $+)
# environment
ORIGINAL_XDG_CURRENT_DESKTOP = undefined
# environment
USERDOMAIN = LAPTOP-8LUL3EEN
# 'override' directive
GNUMAKEFLAGS := 
# environment
OS = Windows_NT
# makefile
.DEFAULT_GOAL := build
# default
MAKE_VERSION := 4.3
# environment
PROGRAMFILES(X86) = C:\Program Files (x86)
# environment
MAKEOVERRIDES = ${-*-command-variables-*-}
# makefile (from 'D:\ITI_Tasks\C++\Makefile', line 11)
LDFLAGS = -Wl,-Map,$(PROJ_DIR)/$(OUT_FILE_NAME).map,--print-memory-usage
# environment
!D: = d:\ITI_Tasks\C++
# environment
USERDOMAIN_ROAMINGPROFILE = LAPTOP-8LUL3EEN
# environment
NUMBER_OF_PROCESSORS = 12
# environment
PUBLIC = C:\Users\Public
# automatic
-*-command-variables-*- := PROJ_NAME=$$$$fileDirname
# environment
APPDATA = C:\Users\sara\AppData\Roaming
# environment
HOMEDRIVE = C:
# environment
PROCESSOR_ARCHITECTURE = AMD64
# environment
VSCODE_AMD_ENTRYPOINT = vs/workbench/services/extensions/node/extensionHostProcess
# environment
HOME = /home/sara
# environment
COMMONPROGRAMFILES(X86) = C:\Program Files (x86)\Common Files
# environment
ELECTRON_RUN_AS_NODE = 1
# environment
TEMP = /c/Users/sara/AppData/Local/Temp
# environment
VSCODE_IPC_HOOK = \\.\pipe\9b93a24203e59dec0401b35ecaef6334-1.63.2-main-sock
# environment
 
TERM = xterm-256color
# default
.RECIPEPREFIX := 
# automatic
<F = $(notdir $<)
# default
SUFFIXES := 
# environment
ALLUSERSPROFILE = C:\ProgramData
# makefile (from 'D:\ITI_Tasks\C++\Makefile', line 7)
OUT_FILE_NAME = out
# environment
SESSIONNAME = Console
# makefile (from 'D:\ITI_Tasks\C++\Makefile', line 10)
CXXFLAGS = -fdiagnostics-color=always -Wall -g
# default
.FEATURES := target-specific order-only second-expansion else-if shortest-stem undefine oneshell nocomment grouped-target extra-prereqs archives jobserver output-sync check-symlink load
# environment
PROCESSOR_REVISION = a502
# makefile (from 'D:\ITI_Tasks\C++\Makefile', line 9)
CXX = g++
# environment
PROCESSOR_IDENTIFIER = Intel64 Family 6 Model 165 Stepping 2, GenuineIntel
# variable set hash-table stats:
# Load=106/1024=10%, Rehash=0, Collisions=11/133=8%

# Pattern-specific Variable Values

# No pattern-specific variable values.

# Directories


# No files, no impossibilities in 0 directories.

# Implicit Rules

# No implicit rules.

# Files

# Not a target:
D:\ITI_Tasks\C++\Makefile:
#  Implicit rule search has been done.
#  Last modified 2021-12-20 11:31:00.6511304
#  File has been updated.
#  Successfully updated.

clean:
#  Phony target (prerequisite of .PHONY).
#  Implicit rule search has not been done.
#  File does not exist.
#  File has not been updated.
#  recipe to execute (from 'D:\ITI_Tasks\C++\Makefile', line 19):
		@echo "Cleaning ....."
		@rm -f $(PROJ_DIR)/*.exe $(PROJ_DIR)/*.o $(PROJ_DIR)/*.map
		@echo "############# Done #############"

# Not a target:
.DEFAULT:
#  Implicit rule search has not been done.
#  Modification time never checked.
#  File has not been updated.

# Not a target:
all:
#  Command line target.
#  Implicit rule search has been done.
#  File does not exist.
#  File has not been updated.

run:
#  Phony target (prerequisite of .PHONY).
#  Implicit rule search has not been done.
#  File does not exist.
#  File has not been updated.
#  recipe to execute (from 'D:\ITI_Tasks\C++\Makefile', line 26):
	@$(PROJ_DIR)/$(OUT_FILE_NAME).exe

build:
#  Phony target (prerequisite of .PHONY).
#  Implicit rule search has not been done.
#  File does not exist.
#  File has not been updated.
#  recipe to execute (from 'D:\ITI_Tasks\C++\Makefile', line 15):
		@echo "Building project at path $(PROJ_DIR)"
		@$(CXX) $(CXXFLAGS) $(PROJ_DIR)/*.c* -o $(PROJ_DIR)/$(OUT_FILE_NAME).exe $(LDFLAGS)
		@echo "############# Done #############"

rebuild: clean build
#  Phony target (prerequisite of .PHONY).
#  Implicit rule search has not been done.
#  File does not exist.
#  File has not been updated.

.PHONY: build clean rebuild run
#  Implicit rule search has not been done.
#  Modification time never checked.
#  File has not been updated.

# files hash-table stats:
# Load=9/1024=1%, Rehash=0, Collisions=0/25=0%
# VPATH Search Paths

# No 'vpath' search paths.

# No general ('VPATH' variable) search path.

# strcache buffers: 1 (0) / strings = 10 / storage = 93 B / avg = 9 B
# current buf: size = 8162 B / used = 93 B / count = 10 / avg = 9 B

# strcache performance: lookups = 24 / hit rate = 58%
# hash-table stats:
 
# Load=10/8192=0%, Rehash=0, Collisions=0/24=0%
# Finished Make data base on Sun Dec 26 09:11:51 2021

 
